app/build/intermediates/manifest_merge_blame_file/release/manifest-merger-blame-release-report.txt
1<?xml version="1.0" encoding="utf-8"?>
2<manifest xmlns:android="http://schemas.android.com/apk/res/android"
3    package="com.casbah.casbahdzcommandes"
4    android:versionCode="8"
5    android:versionName="1.4.3" >
6
7    <uses-sdk
8        android:minSdkVersion="16"
8-->src\main\AndroidManifest.xml
9        android:targetSdkVersion="30" />
9-->src\main\AndroidManifest.xml
10
11    <uses-permission android:name="android.permission.FOREGROUND_SERVICE" />
11-->src\main\AndroidManifest.xml:4:5-77
11-->src\main\AndroidManifest.xml:4:22-74
12    <uses-permission android:name="android.permission.INTERNET" />
12-->src\main\AndroidManifest.xml:5:5-67
12-->src\main\AndroidManifest.xml:5:22-64
13    <uses-permission android:name="android.permission.ACCESS_FINE_LOCATION" />
13-->src\main\AndroidManifest.xml:6:5-79
13-->src\main\AndroidManifest.xml:6:22-76
14    <uses-permission android:name="android.permission.READ_EXTERNAL_STORAGE" />
14-->src\main\AndroidManifest.xml:7:5-80
14-->src\main\AndroidManifest.xml:7:22-77
15    <uses-permission android:name="android.permission.ACCESS_NETWORK_STATE" />
15-->src\main\AndroidManifest.xml:8:5-78
15-->src\main\AndroidManifest.xml:8:22-76
16    <uses-permission android:name="android.permission.CAMERA" />
16-->src\main\AndroidManifest.xml:9:5-65
16-->src\main\AndroidManifest.xml:9:22-62
17    <uses-permission android:name="android.permission.WRITE_EXTERNAL_STORAGE" />
17-->src\main\AndroidManifest.xml:10:5-81
17-->src\main\AndroidManifest.xml:10:22-78
18    <uses-permission android:name="android.permission.CALL_PHONE" />
18-->src\main\AndroidManifest.xml:11:5-69
18-->src\main\AndroidManifest.xml:11:22-66
19
20    <uses-feature android:name="android.hardware.camera" />
20-->src\main\AndroidManifest.xml:12:5-60
20-->src\main\AndroidManifest.xml:12:19-57
21
22    <uses-permission android:name="android.permission.ACCESS_NETWORK_STATE" />
22-->src\main\AndroidManifest.xml:8:5-78
22-->src\main\AndroidManifest.xml:8:22-76
23    <uses-permission android:name="android.permission.READ_EXTERNAL_STORAGE" />
23-->src\main\AndroidManifest.xml:7:5-80
23-->src\main\AndroidManifest.xml:7:22-77
24
25    <uses-feature android:name="android.hardware.camera.autofocus" />
25-->src\main\AndroidManifest.xml:15:5-70
25-->src\main\AndroidManifest.xml:15:19-67
26
27    <application
27-->src\main\AndroidManifest.xml:17:5-64:19
28        android:allowBackup="true"
28-->src\main\AndroidManifest.xml:18:9-35
29        android:appComponentFactory="androidx.core.app.CoreComponentFactory"
29-->[androidx.core:core:1.1.0] AndroidManifest.xml:24:18-86
30        android:icon="@mipmap/ic_launcher"
30-->src\main\AndroidManifest.xml:19:9-43
31        android:label="@string/app_name"
31-->src\main\AndroidManifest.xml:21:9-41
32        android:largeHeap="true"
32-->src\main\AndroidManifest.xml:26:9-33
33        android:roundIcon="@mipmap/ic_launcher_round"
33-->src\main\AndroidManifest.xml:20:9-54
34        android:supportsRtl="true"
34-->src\main\AndroidManifest.xml:22:9-35
35        android:theme="@style/AppTheme"
35-->src\main\AndroidManifest.xml:23:9-40
36        android:usesCleartextTraffic="true" >
36-->src\main\AndroidManifest.xml:24:9-44
37        <activity
37-->src\main\AndroidManifest.xml:27:9-37:20
38            android:name="com.casbah.casbahdzcommandes.ui.MainA"
38-->src\main\AndroidManifest.xml:28:13-65
39            android:label="@string/app_name"
39-->src\main\AndroidManifest.xml:29:13-45
40            android:theme="@style/AppTheme.NoActionBar"
40-->src\main\AndroidManifest.xml:30:13-56
41            android:windowSoftInputMode="stateHidden" >
41-->src\main\AndroidManifest.xml:31:13-54
42            <intent-filter>
42-->src\main\AndroidManifest.xml:32:13-36:29
43                <action android:name="android.intent.action.MAIN" />
43-->src\main\AndroidManifest.xml:33:17-69
43-->src\main\AndroidManifest.xml:33:25-66
44
45                <category android:name="android.intent.category.LAUNCHER" />
45-->src\main\AndroidManifest.xml:35:17-77
45-->src\main\AndroidManifest.xml:35:27-74
46            </intent-filter>
47        </activity>
48
49        <provider
49-->src\main\AndroidManifest.xml:38:9-46:20
50            android:name="androidx.core.content.FileProvider"
50-->src\main\AndroidManifest.xml:39:13-62
51            android:authorities="com.casbah.casbahdzcommandes"
51-->src\main\AndroidManifest.xml:40:13-63
52            android:exported="false"
52-->src\main\AndroidManifest.xml:41:13-37
53            android:grantUriPermissions="true" >
53-->src\main\AndroidManifest.xml:42:13-47
54            <meta-data
54-->src\main\AndroidManifest.xml:43:13-45:53
55                android:name="android.support.FILE_PROVIDER_PATHS"
55-->src\main\AndroidManifest.xml:44:17-67
56                android:resource="@xml/file_paths" />
56-->src\main\AndroidManifest.xml:45:17-51
57        </provider>
58
59        <activity
59-->src\main\AndroidManifest.xml:48:9-165
60            android:name="com.casbah.casbahdzcommandes.mod"
60-->src\main\AndroidManifest.xml:48:19-66
61            android:theme="@style/AppTheme.NoActionBar"
61-->src\main\AndroidManifest.xml:48:68-111
62            android:windowSoftInputMode="stateHidden" />
62-->src\main\AndroidManifest.xml:48:112-153
63        <activity
63-->src\main\AndroidManifest.xml:49:9-166
64            android:name="com.casbah.casbahdzcommandes.shop"
64-->src\main\AndroidManifest.xml:49:19-67
65            android:theme="@style/AppTheme.NoActionBar"
65-->src\main\AndroidManifest.xml:49:69-112
66            android:windowSoftInputMode="stateHidden" />
66-->src\main\AndroidManifest.xml:49:113-154
67        <activity
67-->src\main\AndroidManifest.xml:50:9-166
68            android:name="com.casbah.casbahdzcommandes.cart"
68-->src\main\AndroidManifest.xml:50:19-67
69            android:theme="@style/AppTheme.NoActionBar"
69-->src\main\AndroidManifest.xml:50:69-112
70            android:windowSoftInputMode="stateHidden" />
70-->src\main\AndroidManifest.xml:50:113-154
71        <activity
71-->src\main\AndroidManifest.xml:51:9-174
72            android:name="com.casbah.casbahdzcommandes.MainActivity"
72-->src\main\AndroidManifest.xml:51:19-75
73            android:theme="@style/AppTheme.NoActionBar"
73-->src\main\AndroidManifest.xml:51:77-120
74            android:windowSoftInputMode="stateHidden" />
74-->src\main\AndroidManifest.xml:51:121-162
75        <activity
75-->src\main\AndroidManifest.xml:52:9-169
76            android:name="com.casbah.casbahdzcommandes.ui.mail"
76-->src\main\AndroidManifest.xml:52:19-70
77            android:theme="@style/AppTheme.NoActionBar"
77-->src\main\AndroidManifest.xml:52:72-115
78            android:windowSoftInputMode="stateHidden" />
78-->src\main\AndroidManifest.xml:52:116-157
79        <activity
79-->src\main\AndroidManifest.xml:53:9-169
80            android:name="com.casbah.casbahdzcommandes.profile"
80-->src\main\AndroidManifest.xml:53:19-70
81            android:theme="@style/AppTheme.NoActionBar"
81-->src\main\AndroidManifest.xml:53:72-115
82            android:windowSoftInputMode="stateHidden" />
82-->src\main\AndroidManifest.xml:53:116-157
83        <activity
83-->src\main\AndroidManifest.xml:54:9-172
84            android:name="com.casbah.casbahdzcommandes.profilemod"
84-->src\main\AndroidManifest.xml:54:19-73
85            android:theme="@style/AppTheme.NoActionBar"
85-->src\main\AndroidManifest.xml:54:75-118
86            android:windowSoftInputMode="stateHidden" />
86-->src\main\AndroidManifest.xml:54:119-160
87        <activity
87-->src\main\AndroidManifest.xml:55:9-165
88            android:name="com.casbah.casbahdzcommandes.mdp"
88-->src\main\AndroidManifest.xml:55:19-66
89            android:theme="@style/AppTheme.NoActionBar"
89-->src\main\AndroidManifest.xml:55:68-111
90            android:windowSoftInputMode="stateHidden" />
90-->src\main\AndroidManifest.xml:55:112-153
91        <activity
91-->src\main\AndroidManifest.xml:56:9-169
92            android:name="com.casbah.casbahdzcommandes.apropos"
92-->src\main\AndroidManifest.xml:56:19-70
93            android:theme="@style/AppTheme.NoActionBar"
93-->src\main\AndroidManifest.xml:56:72-115
94            android:windowSoftInputMode="stateHidden" />
94-->src\main\AndroidManifest.xml:56:116-157
95        <activity
95-->src\main\AndroidManifest.xml:57:9-169
96            android:name="com.casbah.casbahdzcommandes.retours"
96-->src\main\AndroidManifest.xml:57:19-70
97            android:theme="@style/AppTheme.NoActionBar"
97-->src\main\AndroidManifest.xml:57:72-115
98            android:windowSoftInputMode="stateHidden" />
98-->src\main\AndroidManifest.xml:57:116-157
99        <activity
99-->src\main\AndroidManifest.xml:58:9-174
100            android:name="com.casbah.casbahdzcommandes.ajoutretours"
100-->src\main\AndroidManifest.xml:58:19-75
101            android:theme="@style/AppTheme.NoActionBar"
101-->src\main\AndroidManifest.xml:58:77-120
102            android:windowSoftInputMode="stateHidden" />
102-->src\main\AndroidManifest.xml:58:121-162
103        <activity
103-->src\main\AndroidManifest.xml:59:9-172
104            android:name="com.casbah.casbahdzcommandes.retoursmod"
104-->src\main\AndroidManifest.xml:59:19-73
105            android:theme="@style/AppTheme.NoActionBar"
105-->src\main\AndroidManifest.xml:59:75-118
106            android:windowSoftInputMode="stateHidden" />
106-->src\main\AndroidManifest.xml:59:119-160
107        <activity
107-->src\main\AndroidManifest.xml:61:9-62:110
108            android:name="com.casbah.casbahdzcommandes.intro"
108-->src\main\AndroidManifest.xml:61:19-68
109            android:launchMode="singleTop"
109-->src\main\AndroidManifest.xml:61:77-107
110            android:theme="@style/AppTheme.NoActionBar"
110-->src\main\AndroidManifest.xml:62:13-56
111            android:windowSoftInputMode="stateHidden" />
111-->src\main\AndroidManifest.xml:62:57-98
112
113        <provider
113-->[com.squareup.picasso:picasso:2.71828] AndroidManifest.xml:8:9-11:40
114            android:name="com.squareup.picasso.PicassoProvider"
114-->[com.squareup.picasso:picasso:2.71828] AndroidManifest.xml:9:13-64
115            android:authorities="com.casbah.casbahdzcommandes.com.squareup.picasso"
115-->[com.squareup.picasso:picasso:2.71828] AndroidManifest.xml:10:13-72
116            android:exported="false" />
116-->[com.squareup.picasso:picasso:2.71828] AndroidManifest.xml:11:13-37
117
118        <activity
118-->[com.google.android.gms:play-services-base:11.8.0] AndroidManifest.xml:23:9-26:75
119            android:name="com.google.android.gms.common.api.GoogleApiActivity"
119-->[com.google.android.gms:play-services-base:11.8.0] AndroidManifest.xml:24:13-79
120            android:exported="false"
120-->[com.google.android.gms:play-services-base:11.8.0] AndroidManifest.xml:25:13-37
121            android:theme="@android:style/Theme.Translucent.NoTitleBar" />
121-->[com.google.android.gms:play-services-base:11.8.0] AndroidManifest.xml:26:13-72
122
123        <meta-data
123-->[com.google.android.gms:play-services-basement:11.8.0] AndroidManifest.xml:23:9-25:69
124            android:name="com.google.android.gms.version"
124-->[com.google.android.gms:play-services-basement:11.8.0] AndroidManifest.xml:24:13-58
125            android:value="@integer/google_play_services_version" />
125-->[com.google.android.gms:play-services-basement:11.8.0] AndroidManifest.xml:25:13-66
126
127        <provider
127-->[androidx.lifecycle:lifecycle-process:2.0.0] AndroidManifest.xml:23:9-27:43
128            android:name="androidx.lifecycle.ProcessLifecycleOwnerInitializer"
128-->[androidx.lifecycle:lifecycle-process:2.0.0] AndroidManifest.xml:24:13-79
129            android:authorities="com.casbah.casbahdzcommandes.lifecycle-process"
129-->[androidx.lifecycle:lifecycle-process:2.0.0] AndroidManifest.xml:25:13-69
130            android:exported="false"
130-->[androidx.lifecycle:lifecycle-process:2.0.0] AndroidManifest.xml:26:13-37
131            android:multiprocess="true" />
131-->[androidx.lifecycle:lifecycle-process:2.0.0] AndroidManifest.xml:27:13-40
132    </application>
133
134</manifest>